#
# A fatal error has been detected by the Java Runtime Environment:
#
#  EXCEPTION_ACCESS_VIOLATION (0xc0000005) at pc=0x00007ffe0a24b3ab, pid=4780, tid=17568
#
# JRE version: Java(TM) SE Runtime Environment 18.9 (11.0.15+8) (build 11.0.15+8-LTS-149)
# Java VM: Java HotSpot(TM) 64-Bit Server VM 18.9 (11.0.15+8-LTS-149, mixed mode, tiered, compressed oops, g1 gc, windows-amd64)
# Problematic frame:
# V  [jvm.dll+0x6ab3ab]
#
# No core dump will be written. Minidumps are not enabled by default on client versions of Windows
#
# If you would like to submit a bug report, please visit:
#   https://bugreport.java.com/bugreport/crash.jsp
#

---------------  S U M M A R Y ------------

Command Line: -agentlib:jdwp=transport=dt_socket,suspend=y,address=localhost:53286 -ea -Dfile.encoding=Cp1252 org.testng.remote.RemoteTestNG -serport 53285 -protocol json -d C:\Wokspace\MasterTestNGFramework\test-output C:\Users\Vijay\AppData\Local\Temp\testng-eclipse--2005408637\testng-customsuite.xml

Host: Intel(R) Core(TM) i5-7200U CPU @ 2.50GHz, 4 cores, 11G,  Windows 11 , 64 bit Build 22000 (10.0.22000.2538)
Time: Wed Nov 13 19:37:47 2024 India Standard Time elapsed time: 1568.749207 seconds (0d 0h 26m 8s)

---------------  T H R E A D  ---------------

Current thread (0x0000028c5ff10000):  VMThread "VM Thread" [stack: 0x000000bfe5b00000,0x000000bfe5c00000] [id=17568]

Stack: [0x000000bfe5b00000,0x000000bfe5c00000],  sp=0x000000bfe5bfeb40,  free space=1018k
Native frames: (J=compiled Java code, j=interpreted, Vv=VM code, C=native code)
V  [jvm.dll+0x6ab3ab]
V  [jvm.dll+0x3168c3]
V  [jvm.dll+0x3185c5]
V  [jvm.dll+0x318ebe]
V  [jvm.dll+0x31671c]
V  [jvm.dll+0x315952]
V  [jvm.dll+0x619265]
V  [jvm.dll+0x618fed]
V  [jvm.dll+0x5e0763]
V  [jvm.dll+0x4eedd1]
V  [jvm.dll+0x76ba4c]
V  [jvm.dll+0x769dc7]
V  [jvm.dll+0x76a600]
V  [jvm.dll+0x76a917]
V  [jvm.dll+0x7223f4]
V  [jvm.dll+0x628c26]
C  [ucrtbase.dll+0x26c0c]
C  [KERNEL32.DLL+0x153e0]
C  [ntdll.dll+0x485b]


siginfo: EXCEPTION_ACCESS_VIOLATION (0xc0000005), reading address 0x0000000000000006


Register to memory mapping:

RIP=0x00007ffe0a24b3ab jvm.dll
RAX=0x000000bfe5bfebe0 points into unknown readable memory: 0x0000000000000000 | 00 00 00 00 00 00 00 00
RBX=0x000000bfe5bfebb0 points into unknown readable memory: 0x00007ffe0a40f298 | 98 f2 40 0a fe 7f 00 00
RCX=0x0 is NULL
RDX=0x0 is NULL
RSP=0x000000bfe5bfeb40 points into unknown readable memory: 0x000000bfe5bfebb0 | b0 eb bf e5 bf 00 00 00
RBP=0x000000bfe5bff100 points into unknown readable memory: 0x0000028c5fecb018 | 18 b0 ec 5f 8c 02 00 00
RSI=0x0 is NULL
RDI=0x0 is NULL
R8 =0x0 is NULL
R9 =0x0000028c629352a0 is pointing into metadata
R10=0x00007ffe09ba0000 jvm.dll
R11=0x000000bfe5bff010 points into unknown readable memory: 0x000000bfe5bff0d0 | d0 f0 bf e5 bf 00 00 00
R12=0x0000028c5fecacf0 points into unknown readable memory: 0x000000000a44d600 | 00 d6 44 0a 00 00 00 00
R13=0x0 is NULL
R14=0x0000028c62935767 is pointing into metadata
R15=0x000000000000002f is an unknown value


Registers:
RAX=0x000000bfe5bfebe0, RBX=0x000000bfe5bfebb0, RCX=0x0000000000000000, RDX=0x0000000000000000
RSP=0x000000bfe5bfeb40, RBP=0x000000bfe5bff100, RSI=0x0000000000000000, RDI=0x0000000000000000
R8 =0x0000000000000000, R9 =0x0000028c629352a0, R10=0x00007ffe09ba0000, R11=0x000000bfe5bff010
R12=0x0000028c5fecacf0, R13=0x0000000000000000, R14=0x0000028c62935767, R15=0x000000000000002f
RIP=0x00007ffe0a24b3ab, EFLAGS=0x0000000000010246

Top of Stack: (sp=0x000000bfe5bfeb40)
0x000000bfe5bfeb40:   000000bfe5bfebb0 00007ffe09dd68be
0x000000bfe5bfeb50:   0000000000000400 00007ffe0a24b84a
0x000000bfe5bfeb60:   0000028c3dfb0000 000000bfe5bfee59
0x000000bfe5bfeb70:   0000000000000000 00007ffe09eb68c3
0x000000bfe5bfeb80:   0000000000000000 000000bfe5bff270
0x000000bfe5bfeb90:   000000bfe5bfec00 00007ffe09dd68be
0x000000bfe5bfeba0:   00007ffe09ba0000 ffffffffffffffff
0x000000bfe5bfebb0:   00007ffe0a40f298 0000000000000000
0x000000bfe5bfebc0:   0000000000000000 00007ffe0000000e
0x000000bfe5bfebd0:   000000bfe5bfebe0 000000bf00000000
0x000000bfe5bfebe0:   0000000000000000 00007ffe4a6d541a
0x000000bfe5bfebf0:   4fffffff4fffffff 00007ffe4a7100bf
0x000000bfe5bfec00:   00007ffe0a40f298 0000028c5fdf3680
0x000000bfe5bfec10:   0000000000000002 00007ffe0000000a
0x000000bfe5bfec20:   0000000000000000 00007ffe4a6d39aa
0x000000bfe5bfec30:   000000bfe5bfed40 0000000000000000 

Instructions: (pc=0x00007ffe0a24b3ab)
0x00007ffe0a24b38b:   cc cc cc cc cc 40 53 48 83 ec 30 c7 41 10 00 00
0x00007ffe0a24b39b:   00 00 48 8b d9 48 89 7c 24 48 48 8b 79 08 33 c9
0x00007ffe0a24b3ab:   80 7f 06 28 74 30 44 8d 41 35 c7 44 24 20 28 00
0x00007ffe0a24b3bb:   00 00 b9 00 00 00 e0 4c 8d 0d b7 54 21 00 48 8d 


Stack slot to memory mapping:
stack at sp + 0 slots: 0x000000bfe5bfebb0 points into unknown readable memory: 0x00007ffe0a40f298 | 98 f2 40 0a fe 7f 00 00
stack at sp + 1 slots: 0x00007ffe09dd68be jvm.dll
stack at sp + 2 slots: 0x0000000000000400 is an unknown value
stack at sp + 3 slots: 0x00007ffe0a24b84a jvm.dll
stack at sp + 4 slots: 0x0000028c3dfb0000 points into unknown readable memory: 0x0000000000000000 | 00 00 00 00 00 00 00 00
stack at sp + 5 slots: 0x000000bfe5bfee59 points into unknown readable memory: 00 00 00 00 00 00 00
stack at sp + 6 slots: 0x0 is NULL
stack at sp + 7 slots: 0x00007ffe09eb68c3 jvm.dll

VM_Operation (0x000000bfe64ff240): GetOrSetLocal, mode: safepoint, requested by thread 0x0000028c609ad000


---------------  P R O C E S S  ---------------

Threads class SMR info:
_java_thread_list=0x0000028c63dd9e20, length=14, elements={
0x0000028c4020e000, 0x0000028c5ff13000, 0x0000028c60749800, 0x0000028c60754000,
0x0000028c60756000, 0x0000028c60759800, 0x0000028c6075d000, 0x0000028c607a7000,
0x0000028c607ac000, 0x0000028c609ad000, 0x0000028c609d0000, 0x0000028c609d1000,
0x0000028c60a05800, 0x0000028c61239800
}

Java Threads: ( => current thread )
  0x0000028c4020e000 JavaThread "main" [_thread_blocked, id=10428, stack(0x000000bfe5500000,0x000000bfe5600000)]
  0x0000028c5ff13000 JavaThread "Reference Handler" daemon [_thread_blocked, id=8500, stack(0x000000bfe5c00000,0x000000bfe5d00000)]
  0x0000028c60749800 JavaThread "Finalizer" daemon [_thread_blocked, id=3892, stack(0x000000bfe5d00000,0x000000bfe5e00000)]
  0x0000028c60754000 JavaThread "Signal Dispatcher" daemon [_thread_blocked, id=13216, stack(0x000000bfe5e00000,0x000000bfe5f00000)]
  0x0000028c60756000 JavaThread "Attach Listener" daemon [_thread_blocked, id=4212, stack(0x000000bfe5f00000,0x000000bfe6000000)]
  0x0000028c60759800 JavaThread "Service Thread" daemon [_thread_blocked, id=6148, stack(0x000000bfe6000000,0x000000bfe6100000)]
  0x0000028c6075d000 JavaThread "C2 CompilerThread0" daemon [_thread_blocked, id=8920, stack(0x000000bfe6100000,0x000000bfe6200000)]
  0x0000028c607a7000 JavaThread "C1 CompilerThread0" daemon [_thread_blocked, id=14916, stack(0x000000bfe6200000,0x000000bfe6300000)]
  0x0000028c607ac000 JavaThread "Sweeper thread" daemon [_thread_blocked, id=7288, stack(0x000000bfe6300000,0x000000bfe6400000)]
  0x0000028c609ad000 JavaThread "JDWP Transport Listener: dt_socket" daemon [_thread_blocked, id=2688, stack(0x000000bfe6400000,0x000000bfe6500000)] _threads_hazard_ptr=0x0000028c63dd9e20
  0x0000028c609d0000 JavaThread "JDWP Event Helper Thread" daemon [_thread_blocked, id=6116, stack(0x000000bfe6500000,0x000000bfe6600000)]
  0x0000028c609d1000 JavaThread "JDWP Command Reader" daemon [_thread_in_native, id=10868, stack(0x000000bfe6600000,0x000000bfe6700000)]
  0x0000028c60a05800 JavaThread "Common-Cleaner" daemon [_thread_blocked, id=18024, stack(0x000000bfe6800000,0x000000bfe6900000)]
  0x0000028c61239800 JavaThread "ReaderThread" [_thread_in_native, id=6576, stack(0x000000bfe6b00000,0x000000bfe6c00000)]

Other Threads:
=>0x0000028c5ff10000 VMThread "VM Thread" [stack: 0x000000bfe5b00000,0x000000bfe5c00000] [id=17568]
  0x0000028c609dd800 WatcherThread [stack: 0x000000bfe6700000,0x000000bfe6800000] [id=4304]
  0x0000028c40223000 GCTaskThread "GC Thread#0" [stack: 0x000000bfe5600000,0x000000bfe5700000] [id=3916]
  0x0000028c60b1b800 GCTaskThread "GC Thread#1" [stack: 0x000000bfe6900000,0x000000bfe6a00000] [id=12168]
  0x0000028c6187e000 GCTaskThread "GC Thread#2" [stack: 0x000000bfe6c00000,0x000000bfe6d00000] [id=15292]
  0x0000028c611a1800 GCTaskThread "GC Thread#3" [stack: 0x000000bfe6d00000,0x000000bfe6e00000] [id=13788]
  0x0000028c40268800 ConcurrentGCThread "G1 Main Marker" [stack: 0x000000bfe5700000,0x000000bfe5800000] [id=4076]
  0x0000028c4026b800 ConcurrentGCThread "G1 Conc#0" [stack: 0x000000bfe5800000,0x000000bfe5900000] [id=17764]
  0x0000028c5fd79800 ConcurrentGCThread "G1 Refine#0" [stack: 0x000000bfe5900000,0x000000bfe5a00000] [id=11692]
  0x0000028c60a8d000 ConcurrentGCThread "G1 Refine#1" [stack: 0x000000bfe6e00000,0x000000bfe6f00000] [id=9544]
  0x0000028c5fd7a800 ConcurrentGCThread "G1 Young RemSet Sampling" [stack: 0x000000bfe5a00000,0x000000bfe5b00000] [id=11524]

Threads with active compile tasks:

VM state:at safepoint (normal execution)

VM Mutex/Monitor currently owned by a thread:  ([mutex/lock_event])
[0x0000028c40208a00] Threads_lock - owner thread: 0x0000028c5ff10000

Heap address: 0x0000000741800000, size: 3048 MB, Compressed Oops mode: Zero based, Oop shift amount: 3
Narrow klass base: 0x0000000800000000, Narrow klass shift: 0
Compressed class space size: 1073741824 Address: 0x0000000800000000

Heap:
 garbage-first heap   total 196608K, used 21686K [0x0000000741800000, 0x0000000800000000)
  region size 1024K, 17 young (17408K), 4 survivors (4096K)
 Metaspace       used 21728K, capacity 22223K, committed 22272K, reserved 1069056K
  class space    used 2345K, capacity 2546K, committed 2560K, reserved 1048576K
Heap Regions: E=young(eden), S=young(survivor), O=old, HS=humongous(starts), HC=humongous(continues), CS=collection set, F=free, A=archive, TAMS=top-at-mark-start (previous, next)
|   0|0x0000000741800000, 0x0000000741900000, 0x0000000741900000|100%| O|  |TAMS 0x0000000741900000, 0x0000000741800000| Untracked 
|   1|0x0000000741900000, 0x0000000741a00000, 0x0000000741a00000|100%| O|  |TAMS 0x0000000741a00000, 0x0000000741900000| Untracked 
|   2|0x0000000741a00000, 0x0000000741b00000, 0x0000000741b00000|100%| O|  |TAMS 0x0000000741b00000, 0x0000000741a00000| Untracked 
|   3|0x0000000741b00000, 0x0000000741c00000, 0x0000000741c00000|100%| O|  |TAMS 0x0000000741c00000, 0x0000000741b00000| Untracked 
|   4|0x0000000741c00000, 0x0000000741d00000, 0x0000000741d00000|100%| O|  |TAMS 0x0000000741d00000, 0x0000000741c00000| Untracked 
|   5|0x0000000741d00000, 0x0000000741e00000, 0x0000000741e00000|100%| O|  |TAMS 0x0000000741e00000, 0x0000000741d00000| Untracked 
|   6|0x0000000741e00000, 0x0000000741e1b800, 0x0000000741f00000| 10%| O|  |TAMS 0x0000000741e1b800, 0x0000000741e00000| Untracked 
|   7|0x0000000741f00000, 0x0000000741f00000, 0x0000000742000000|  0%| F|  |TAMS 0x0000000741f00000, 0x0000000741f00000| Untracked 
|   8|0x0000000742000000, 0x0000000742000000, 0x0000000742100000|  0%| F|  |TAMS 0x0000000742000000, 0x0000000742000000| Untracked 
|   9|0x0000000742100000, 0x0000000742100000, 0x0000000742200000|  0%| F|  |TAMS 0x0000000742100000, 0x0000000742100000| Untracked 
|  10|0x0000000742200000, 0x0000000742200000, 0x0000000742300000|  0%| F|  |TAMS 0x0000000742200000, 0x0000000742200000| Untracked 
|  11|0x0000000742300000, 0x0000000742300000, 0x0000000742400000|  0%| F|  |TAMS 0x0000000742300000, 0x0000000742300000| Untracked 
|  12|0x0000000742400000, 0x0000000742400000, 0x0000000742500000|  0%| F|  |TAMS 0x0000000742400000, 0x0000000742400000| Untracked 
|  13|0x0000000742500000, 0x0000000742500000, 0x0000000742600000|  0%| F|  |TAMS 0x0000000742500000, 0x0000000742500000| Untracked 
|  14|0x0000000742600000, 0x0000000742600000, 0x0000000742700000|  0%| F|  |TAMS 0x0000000742600000, 0x0000000742600000| Untracked 
|  15|0x0000000742700000, 0x0000000742700000, 0x0000000742800000|  0%| F|  |TAMS 0x0000000742700000, 0x0000000742700000| Untracked 
|  16|0x0000000742800000, 0x0000000742800000, 0x0000000742900000|  0%| F|  |TAMS 0x0000000742800000, 0x0000000742800000| Untracked 
|  17|0x0000000742900000, 0x0000000742900000, 0x0000000742a00000|  0%| F|  |TAMS 0x0000000742900000, 0x0000000742900000| Untracked 
|  18|0x0000000742a00000, 0x0000000742a00000, 0x0000000742b00000|  0%| F|  |TAMS 0x0000000742a00000, 0x0000000742a00000| Untracked 
|  19|0x0000000742b00000, 0x0000000742b00000, 0x0000000742c00000|  0%| F|  |TAMS 0x0000000742b00000, 0x0000000742b00000| Untracked 
|  20|0x0000000742c00000, 0x0000000742c00000, 0x0000000742d00000|  0%| F|  |TAMS 0x0000000742c00000, 0x0000000742c00000| Untracked 
|  21|0x0000000742d00000, 0x0000000742d00000, 0x0000000742e00000|  0%| F|  |TAMS 0x0000000742d00000, 0x0000000742d00000| Untracked 
|  22|0x0000000742e00000, 0x0000000742e00000, 0x0000000742f00000|  0%| F|  |TAMS 0x0000000742e00000, 0x0000000742e00000| Untracked 
|  23|0x0000000742f00000, 0x0000000742f00000, 0x0000000743000000|  0%| F|  |TAMS 0x0000000742f00000, 0x0000000742f00000| Untracked 
|  24|0x0000000743000000, 0x0000000743000000, 0x0000000743100000|  0%| F|  |TAMS 0x0000000743000000, 0x0000000743000000| Untracked 
|  25|0x0000000743100000, 0x0000000743100000, 0x0000000743200000|  0%| F|  |TAMS 0x0000000743100000, 0x0000000743100000| Untracked 
|  26|0x0000000743200000, 0x0000000743200000, 0x0000000743300000|  0%| F|  |TAMS 0x0000000743200000, 0x0000000743200000| Untracked 
|  27|0x0000000743300000, 0x0000000743300000, 0x0000000743400000|  0%| F|  |TAMS 0x0000000743300000, 0x0000000743300000| Untracked 
|  28|0x0000000743400000, 0x0000000743400000, 0x0000000743500000|  0%| F|  |TAMS 0x0000000743400000, 0x0000000743400000| Untracked 
|  29|0x0000000743500000, 0x0000000743500000, 0x0000000743600000|  0%| F|  |TAMS 0x0000000743500000, 0x0000000743500000| Untracked 
|  30|0x0000000743600000, 0x0000000743600000, 0x0000000743700000|  0%| F|  |TAMS 0x0000000743600000, 0x0000000743600000| Untracked 
|  31|0x0000000743700000, 0x0000000743700000, 0x0000000743800000|  0%| F|  |TAMS 0x0000000743700000, 0x0000000743700000| Untracked 
|  32|0x0000000743800000, 0x0000000743800000, 0x0000000743900000|  0%| F|  |TAMS 0x0000000743800000, 0x0000000743800000| Untracked 
|  33|0x0000000743900000, 0x0000000743900000, 0x0000000743a00000|  0%| F|  |TAMS 0x0000000743900000, 0x0000000743900000| Untracked 
|  34|0x0000000743a00000, 0x0000000743a00000, 0x0000000743b00000|  0%| F|  |TAMS 0x0000000743a00000, 0x0000000743a00000| Untracked 
|  35|0x0000000743b00000, 0x0000000743b00000, 0x0000000743c00000|  0%| F|  |TAMS 0x0000000743b00000, 0x0000000743b00000| Untracked 
|  36|0x0000000743c00000, 0x0000000743c00000, 0x0000000743d00000|  0%| F|  |TAMS 0x0000000743c00000, 0x0000000743c00000| Untracked 
|  37|0x0000000743d00000, 0x0000000743d00000, 0x0000000743e00000|  0%| F|  |TAMS 0x0000000743d00000, 0x0000000743d00000| Untracked 
|  38|0x0000000743e00000, 0x0000000743e00000, 0x0000000743f00000|  0%| F|  |TAMS 0x0000000743e00000, 0x0000000743e00000| Untracked 
|  39|0x0000000743f00000, 0x0000000743f00000, 0x0000000744000000|  0%| F|  |TAMS 0x0000000743f00000, 0x0000000743f00000| Untracked 
|  40|0x0000000744000000, 0x0000000744000000, 0x0000000744100000|  0%| F|  |TAMS 0x0000000744000000, 0x0000000744000000| Untracked 
|  41|0x0000000744100000, 0x0000000744100000, 0x0000000744200000|  0%| F|  |TAMS 0x0000000744100000, 0x0000000744100000| Untracked 
|  42|0x0000000744200000, 0x0000000744200000, 0x0000000744300000|  0%| F|  |TAMS 0x0000000744200000, 0x0000000744200000| Untracked 
|  43|0x0000000744300000, 0x0000000744300000, 0x0000000744400000|  0%| F|  |TAMS 0x0000000744300000, 0x0000000744300000| Untracked 
|  44|0x0000000744400000, 0x0000000744400000, 0x0000000744500000|  0%| F|  |TAMS 0x0000000744400000, 0x0000000744400000| Untracked 
|  45|0x0000000744500000, 0x0000000744500000, 0x0000000744600000|  0%| F|  |TAMS 0x0000000744500000, 0x0000000744500000| Untracked 
|  46|0x0000000744600000, 0x0000000744600000, 0x0000000744700000|  0%| F|  |TAMS 0x0000000744600000, 0x0000000744600000| Untracked 
|  47|0x0000000744700000, 0x0000000744700000, 0x0000000744800000|  0%| F|  |TAMS 0x0000000744700000, 0x0000000744700000| Untracked 
|  48|0x0000000744800000, 0x0000000744800000, 0x0000000744900000|  0%| F|  |TAMS 0x0000000744800000, 0x0000000744800000| Untracked 
|  49|0x0000000744900000, 0x0000000744900000, 0x0000000744a00000|  0%| F|  |TAMS 0x0000000744900000, 0x0000000744900000| Untracked 
|  50|0x0000000744a00000, 0x0000000744a00000, 0x0000000744b00000|  0%| F|  |TAMS 0x0000000744a00000, 0x0000000744a00000| Untracked 
|  51|0x0000000744b00000, 0x0000000744b00000, 0x0000000744c00000|  0%| F|  |TAMS 0x0000000744b00000, 0x0000000744b00000| Untracked 
|  52|0x0000000744c00000, 0x0000000744c00000, 0x0000000744d00000|  0%| F|  |TAMS 0x0000000744c00000, 0x0000000744c00000| Untracked 
|  53|0x0000000744d00000, 0x0000000744d00000, 0x0000000744e00000|  0%| F|  |TAMS 0x0000000744d00000, 0x0000000744d00000| Untracked 
|  54|0x0000000744e00000, 0x0000000744e00000, 0x0000000744f00000|  0%| F|  |TAMS 0x0000000744e00000, 0x0000000744e00000| Untracked 
|  55|0x0000000744f00000, 0x0000000744f00000, 0x0000000745000000|  0%| F|  |TAMS 0x0000000744f00000, 0x0000000744f00000| Untracked 
|  56|0x0000000745000000, 0x0000000745000000, 0x0000000745100000|  0%| F|  |TAMS 0x0000000745000000, 0x0000000745000000| Untracked 
|  57|0x0000000745100000, 0x0000000745100000, 0x0000000745200000|  0%| F|  |TAMS 0x0000000745100000, 0x0000000745100000| Untracked 
|  58|0x0000000745200000, 0x0000000745200000, 0x0000000745300000|  0%| F|  |TAMS 0x0000000745200000, 0x0000000745200000| Untracked 
|  59|0x0000000745300000, 0x0000000745300000, 0x0000000745400000|  0%| F|  |TAMS 0x0000000745300000, 0x0000000745300000| Untracked 
|  60|0x0000000745400000, 0x0000000745400000, 0x0000000745500000|  0%| F|  |TAMS 0x0000000745400000, 0x0000000745400000| Untracked 
|  61|0x0000000745500000, 0x0000000745500000, 0x0000000745600000|  0%| F|  |TAMS 0x0000000745500000, 0x0000000745500000| Untracked 
|  62|0x0000000745600000, 0x0000000745600000, 0x0000000745700000|  0%| F|  |TAMS 0x0000000745600000, 0x0000000745600000| Untracked 
|  63|0x0000000745700000, 0x0000000745700000, 0x0000000745800000|  0%| F|  |TAMS 0x0000000745700000, 0x0000000745700000| Untracked 
|  64|0x0000000745800000, 0x0000000745800000, 0x0000000745900000|  0%| F|  |TAMS 0x0000000745800000, 0x0000000745800000| Untracked 
|  65|0x0000000745900000, 0x0000000745900000, 0x0000000745a00000|  0%| F|  |TAMS 0x0000000745900000, 0x0000000745900000| Untracked 
|  66|0x0000000745a00000, 0x0000000745a00000, 0x0000000745b00000|  0%| F|  |TAMS 0x0000000745a00000, 0x0000000745a00000| Untracked 
|  67|0x0000000745b00000, 0x0000000745b00000, 0x0000000745c00000|  0%| F|  |TAMS 0x0000000745b00000, 0x0000000745b00000| Untracked 
|  68|0x0000000745c00000, 0x0000000745c00000, 0x0000000745d00000|  0%| F|  |TAMS 0x0000000745c00000, 0x0000000745c00000| Untracked 
|  69|0x0000000745d00000, 0x0000000745d00000, 0x0000000745e00000|  0%| F|  |TAMS 0x0000000745d00000, 0x0000000745d00000| Untracked 
|  70|0x0000000745e00000, 0x0000000745e00000, 0x0000000745f00000|  0%| F|  |TAMS 0x0000000745e00000, 0x0000000745e00000| Untracked 
|  71|0x0000000745f00000, 0x0000000745f00000, 0x0000000746000000|  0%| F|  |TAMS 0x0000000745f00000, 0x0000000745f00000| Untracked 
|  72|0x0000000746000000, 0x0000000746000000, 0x0000000746100000|  0%| F|  |TAMS 0x0000000746000000, 0x0000000746000000| Untracked 
|  73|0x0000000746100000, 0x0000000746100000, 0x0000000746200000|  0%| F|  |TAMS 0x0000000746100000, 0x0000000746100000| Untracked 
|  74|0x0000000746200000, 0x0000000746200000, 0x0000000746300000|  0%| F|  |TAMS 0x0000000746200000, 0x0000000746200000| Untracked 
|  75|0x0000000746300000, 0x0000000746300000, 0x0000000746400000|  0%| F|  |TAMS 0x0000000746300000, 0x0000000746300000| Untracked 
|  76|0x0000000746400000, 0x0000000746400000, 0x0000000746500000|  0%| F|  |TAMS 0x0000000746400000, 0x0000000746400000| Untracked 
|  77|0x0000000746500000, 0x0000000746500000, 0x0000000746600000|  0%| F|  |TAMS 0x0000000746500000, 0x0000000746500000| Untracked 
|  78|0x0000000746600000, 0x0000000746600000, 0x0000000746700000|  0%| F|  |TAMS 0x0000000746600000, 0x0000000746600000| Untracked 
|  79|0x0000000746700000, 0x0000000746700000, 0x0000000746800000|  0%| F|  |TAMS 0x0000000746700000, 0x0000000746700000| Untracked 
|  80|0x0000000746800000, 0x0000000746800000, 0x0000000746900000|  0%| F|  |TAMS 0x0000000746800000, 0x0000000746800000| Untracked 
|  81|0x0000000746900000, 0x0000000746900000, 0x0000000746a00000|  0%| F|  |TAMS 0x0000000746900000, 0x0000000746900000| Untracked 
|  82|0x0000000746a00000, 0x0000000746a00000, 0x0000000746b00000|  0%| F|  |TAMS 0x0000000746a00000, 0x0000000746a00000| Untracked 
|  83|0x0000000746b00000, 0x0000000746b00000, 0x0000000746c00000|  0%| F|  |TAMS 0x0000000746b00000, 0x0000000746b00000| Untracked 
|  84|0x0000000746c00000, 0x0000000746c00000, 0x0000000746d00000|  0%| F|  |TAMS 0x0000000746c00000, 0x0000000746c00000| Untracked 
|  85|0x0000000746d00000, 0x0000000746d00000, 0x0000000746e00000|  0%| F|  |TAMS 0x0000000746d00000, 0x0000000746d00000| Untracked 
|  86|0x0000000746e00000, 0x0000000746e00000, 0x0000000746f00000|  0%| F|  |TAMS 0x0000000746e00000, 0x0000000746e00000| Untracked 
|  87|0x0000000746f00000, 0x0000000746f00000, 0x0000000747000000|  0%| F|  |TAMS 0x0000000746f00000, 0x0000000746f00000| Untracked 
|  88|0x0000000747000000, 0x0000000747000000, 0x0000000747100000|  0%| F|  |TAMS 0x0000000747000000, 0x0000000747000000| Untracked 
|  89|0x0000000747100000, 0x0000000747100000, 0x0000000747200000|  0%| F|  |TAMS 0x0000000747100000, 0x0000000747100000| Untracked 
|  90|0x0000000747200000, 0x0000000747200000, 0x0000000747300000|  0%| F|  |TAMS 0x0000000747200000, 0x0000000747200000| Untracked 
|  91|0x0000000747300000, 0x0000000747300000, 0x0000000747400000|  0%| F|  |TAMS 0x0000000747300000, 0x0000000747300000| Untracked 
|  92|0x0000000747400000, 0x0000000747400000, 0x0000000747500000|  0%| F|  |TAMS 0x0000000747400000, 0x0000000747400000| Untracked 
|  93|0x0000000747500000, 0x0000000747500000, 0x0000000747600000|  0%| F|  |TAMS 0x0000000747500000, 0x0000000747500000| Untracked 
|  94|0x0000000747600000, 0x0000000747600000, 0x0000000747700000|  0%| F|  |TAMS 0x0000000747600000, 0x0000000747600000| Untracked 
|  95|0x0000000747700000, 0x0000000747700000, 0x0000000747800000|  0%| F|  |TAMS 0x0000000747700000, 0x0000000747700000| Untracked 
|  96|0x0000000747800000, 0x0000000747800000, 0x0000000747900000|  0%| F|  |TAMS 0x0000000747800000, 0x0000000747800000| Untracked 
|  97|0x0000000747900000, 0x0000000747900000, 0x0000000747a00000|  0%| F|  |TAMS 0x0000000747900000, 0x0000000747900000| Untracked 
|  98|0x0000000747a00000, 0x0000000747a00000, 0x0000000747b00000|  0%| F|  |TAMS 0x0000000747a00000, 0x0000000747a00000| Untracked 
|  99|0x0000000747b00000, 0x0000000747b00000, 0x0000000747c00000|  0%| F|  |TAMS 0x0000000747b00000, 0x0000000747b00000| Untracked 
| 100|0x0000000747c00000, 0x0000000747c00000, 0x0000000747d00000|  0%| F|  |TAMS 0x0000000747c00000, 0x0000000747c00000| Untracked 
| 101|0x0000000747d00000, 0x0000000747d00000, 0x0000000747e00000|  0%| F|  |TAMS 0x0000000747d00000, 0x0000000747d00000| Untracked 
| 102|0x0000000747e00000, 0x0000000747e00000, 0x0000000747f00000|  0%| F|  |TAMS 0x0000000747e00000, 0x0000000747e00000| Untracked 
| 103|0x0000000747f00000, 0x0000000747f00000, 0x0000000748000000|  0%| F|  |TAMS 0x0000000747f00000, 0x0000000747f00000| Untracked 
| 104|0x0000000748000000, 0x0000000748000000, 0x0000000748100000|  0%| F|  |TAMS 0x0000000748000000, 0x0000000748000000| Untracked 
| 105|0x0000000748100000, 0x0000000748100000, 0x0000000748200000|  0%| F|  |TAMS 0x0000000748100000, 0x0000000748100000| Untracked 
| 106|0x0000000748200000, 0x0000000748200000, 0x0000000748300000|  0%| F|  |TAMS 0x0000000748200000, 0x0000000748200000| Untracked 
| 107|0x0000000748300000, 0x0000000748300000, 0x0000000748400000|  0%| F|  |TAMS 0x0000000748300000, 0x0000000748300000| Untracked 
| 108|0x0000000748400000, 0x0000000748400000, 0x0000000748500000|  0%| F|  |TAMS 0x0000000748400000, 0x0000000748400000| Untracked 
| 109|0x0000000748500000, 0x0000000748500000, 0x0000000748600000|  0%| F|  |TAMS 0x0000000748500000, 0x0000000748500000| Untracked 
| 110|0x0000000748600000, 0x0000000748600000, 0x0000000748700000|  0%| F|  |TAMS 0x0000000748600000, 0x0000000748600000| Untracked 
| 111|0x0000000748700000, 0x0000000748700000, 0x0000000748800000|  0%| F|  |TAMS 0x0000000748700000, 0x0000000748700000| Untracked 
| 112|0x0000000748800000, 0x0000000748800000, 0x0000000748900000|  0%| F|  |TAMS 0x0000000748800000, 0x0000000748800000| Untracked 
| 113|0x0000000748900000, 0x0000000748900000, 0x0000000748a00000|  0%| F|  |TAMS 0x0000000748900000, 0x0000000748900000| Untracked 
| 114|0x0000000748a00000, 0x0000000748a00000, 0x0000000748b00000|  0%| F|  |TAMS 0x0000000748a00000, 0x0000000748a00000| Untracked 
| 115|0x0000000748b00000, 0x0000000748b00000, 0x0000000748c00000|  0%| F|  |TAMS 0x0000000748b00000, 0x0000000748b00000| Untracked 
| 116|0x0000000748c00000, 0x0000000748c00000, 0x0000000748d00000|  0%| F|  |TAMS 0x0000000748c00000, 0x0000000748c00000| Untracked 
| 117|0x0000000748d00000, 0x0000000748d00000, 0x0000000748e00000|  0%| F|  |TAMS 0x0000000748d00000, 0x0000000748d00000| Untracked 
| 118|0x0000000748e00000, 0x0000000748e00000, 0x0000000748f00000|  0%| F|  |TAMS 0x0000000748e00000, 0x0000000748e00000| Untracked 
| 119|0x0000000748f00000, 0x0000000748f00000, 0x0000000749000000|  0%| F|  |TAMS 0x0000000748f00000, 0x0000000748f00000| Untracked 
| 120|0x0000000749000000, 0x0000000749000000, 0x0000000749100000|  0%| F|  |TAMS 0x0000000749000000, 0x0000000749000000| Untracked 
| 121|0x0000000749100000, 0x0000000749100000, 0x0000000749200000|  0%| F|  |TAMS 0x0000000749100000, 0x0000000749100000| Untracked 
| 122|0x0000000749200000, 0x0000000749200000, 0x0000000749300000|  0%| F|  |TAMS 0x0000000749200000, 0x0000000749200000| Untracked 
| 123|0x0000000749300000, 0x0000000749300000, 0x0000000749400000|  0%| F|  |TAMS 0x0000000749300000, 0x0000000749300000| Untracked 
| 124|0x0000000749400000, 0x0000000749400000, 0x0000000749500000|  0%| F|  |TAMS 0x0000000749400000, 0x0000000749400000| Untracked 
| 125|0x0000000749500000, 0x0000000749500000, 0x0000000749600000|  0%| F|  |TAMS 0x0000000749500000, 0x0000000749500000| Untracked 
| 126|0x0000000749600000, 0x0000000749600000, 0x0000000749700000|  0%| F|  |TAMS 0x0000000749600000, 0x0000000749600000| Untracked 
| 127|0x0000000749700000, 0x0000000749700000, 0x0000000749800000|  0%| F|  |TAMS 0x0000000749700000, 0x0000000749700000| Untracked 
| 128|0x0000000749800000, 0x0000000749800000, 0x0000000749900000|  0%| F|  |TAMS 0x0000000749800000, 0x0000000749800000| Untracked 
| 129|0x0000000749900000, 0x0000000749900000, 0x0000000749a00000|  0%| F|  |TAMS 0x0000000749900000, 0x0000000749900000| Untracked 
| 130|0x0000000749a00000, 0x0000000749a00000, 0x0000000749b00000|  0%| F|  |TAMS 0x0000000749a00000, 0x0000000749a00000| Untracked 
| 131|0x0000000749b00000, 0x0000000749b00000, 0x0000000749c00000|  0%| F|  |TAMS 0x0000000749b00000, 0x0000000749b00000| Untracked 
| 132|0x0000000749c00000, 0x0000000749c00000, 0x0000000749d00000|  0%| F|  |TAMS 0x0000000749c00000, 0x0000000749c00000| Untracked 
| 133|0x0000000749d00000, 0x0000000749d00000, 0x0000000749e00000|  0%| F|  |TAMS 0x0000000749d00000, 0x0000000749d00000| Untracked 
| 134|0x0000000749e00000, 0x0000000749e00000, 0x0000000749f00000|  0%| F|  |TAMS 0x0000000749e00000, 0x0000000749e00000| Untracked 
| 135|0x0000000749f00000, 0x0000000749f00000, 0x000000074a000000|  0%| F|  |TAMS 0x0000000749f00000, 0x0000000749f00000| Untracked 
| 136|0x000000074a000000, 0x000000074a000000, 0x000000074a100000|  0%| F|  |TAMS 0x000000074a000000, 0x000000074a000000| Untracked 
| 137|0x000000074a100000, 0x000000074a100000, 0x000000074a200000|  0%| F|  |TAMS 0x000000074a100000, 0x000000074a100000| Untracked 
| 138|0x000000074a200000, 0x000000074a200000, 0x000000074a300000|  0%| F|  |TAMS 0x000000074a200000, 0x000000074a200000| Untracked 
| 139|0x000000074a300000, 0x000000074a300000, 0x000000074a400000|  0%| F|  |TAMS 0x000000074a300000, 0x000000074a300000| Untracked 
| 140|0x000000074a400000, 0x000000074a400000, 0x000000074a500000|  0%| F|  |TAMS 0x000000074a400000, 0x000000074a400000| Untracked 
| 141|0x000000074a500000, 0x000000074a500000, 0x000000074a600000|  0%| F|  |TAMS 0x000000074a500000, 0x000000074a500000| Untracked 
| 142|0x000000074a600000, 0x000000074a600000, 0x000000074a700000|  0%| F|  |TAMS 0x000000074a600000, 0x000000074a600000| Untracked 
| 143|0x000000074a700000, 0x000000074a712158, 0x000000074a800000|  7%| S|CS|TAMS 0x000000074a700000, 0x000000074a700000| Complete 
| 144|0x000000074a800000, 0x000000074a900000, 0x000000074a900000|100%| S|CS|TAMS 0x000000074a800000, 0x000000074a800000| Complete 
| 145|0x000000074a900000, 0x000000074aa00000, 0x000000074aa00000|100%| S|CS|TAMS 0x000000074a900000, 0x000000074a900000| Complete 
| 146|0x000000074aa00000, 0x000000074ab00000, 0x000000074ab00000|100%| S|CS|TAMS 0x000000074aa00000, 0x000000074aa00000| Complete 
| 147|0x000000074ab00000, 0x000000074ab00000, 0x000000074ac00000|  0%| F|  |TAMS 0x000000074ab00000, 0x000000074ab00000| Untracked 
| 148|0x000000074ac00000, 0x000000074ac00000, 0x000000074ad00000|  0%| F|  |TAMS 0x000000074ac00000, 0x000000074ac00000| Untracked 
| 149|0x000000074ad00000, 0x000000074ad00000, 0x000000074ae00000|  0%| F|  |TAMS 0x000000074ad00000, 0x000000074ad00000| Untracked 
| 150|0x000000074ae00000, 0x000000074ae00000, 0x000000074af00000|  0%| F|  |TAMS 0x000000074ae00000, 0x000000074ae00000| Untracked 
| 151|0x000000074af00000, 0x000000074af00000, 0x000000074b000000|  0%| F|  |TAMS 0x000000074af00000, 0x000000074af00000| Untracked 
| 152|0x000000074b000000, 0x000000074b000000, 0x000000074b100000|  0%| F|  |TAMS 0x000000074b000000, 0x000000074b000000| Untracked 
| 153|0x000000074b100000, 0x000000074b100000, 0x000000074b200000|  0%| F|  |TAMS 0x000000074b100000, 0x000000074b100000| Untracked 
| 154|0x000000074b200000, 0x000000074b200000, 0x000000074b300000|  0%| F|  |TAMS 0x000000074b200000, 0x000000074b200000| Untracked 
| 155|0x000000074b300000, 0x000000074b300000, 0x000000074b400000|  0%| F|  |TAMS 0x000000074b300000, 0x000000074b300000| Untracked 
| 156|0x000000074b400000, 0x000000074b400000, 0x000000074b500000|  0%| F|  |TAMS 0x000000074b400000, 0x000000074b400000| Untracked 
| 157|0x000000074b500000, 0x000000074b500000, 0x000000074b600000|  0%| F|  |TAMS 0x000000074b500000, 0x000000074b500000| Untracked 
| 158|0x000000074b600000, 0x000000074b600000, 0x000000074b700000|  0%| F|  |TAMS 0x000000074b600000, 0x000000074b600000| Untracked 
| 159|0x000000074b700000, 0x000000074b700000, 0x000000074b800000|  0%| F|  |TAMS 0x000000074b700000, 0x000000074b700000| Untracked 
| 160|0x000000074b800000, 0x000000074b800000, 0x000000074b900000|  0%| F|  |TAMS 0x000000074b800000, 0x000000074b800000| Untracked 
| 161|0x000000074b900000, 0x000000074b900000, 0x000000074ba00000|  0%| F|  |TAMS 0x000000074b900000, 0x000000074b900000| Untracked 
| 162|0x000000074ba00000, 0x000000074ba00000, 0x000000074bb00000|  0%| F|  |TAMS 0x000000074ba00000, 0x000000074ba00000| Untracked 
| 163|0x000000074bb00000, 0x000000074bb00000, 0x000000074bc00000|  0%| F|  |TAMS 0x000000074bb00000, 0x000000074bb00000| Untracked 
| 164|0x000000074bc00000, 0x000000074bc00000, 0x000000074bd00000|  0%| F|  |TAMS 0x000000074bc00000, 0x000000074bc00000| Untracked 
| 165|0x000000074bd00000, 0x000000074bd00000, 0x000000074be00000|  0%| F|  |TAMS 0x000000074bd00000, 0x000000074bd00000| Untracked 
| 166|0x000000074be00000, 0x000000074be00000, 0x000000074bf00000|  0%| F|  |TAMS 0x000000074be00000, 0x000000074be00000| Untracked 
| 167|0x000000074bf00000, 0x000000074bf00000, 0x000000074c000000|  0%| F|  |TAMS 0x000000074bf00000, 0x000000074bf00000| Untracked 
| 168|0x000000074c000000, 0x000000074c000000, 0x000000074c100000|  0%| F|  |TAMS 0x000000074c000000, 0x000000074c000000| Untracked 
| 169|0x000000074c100000, 0x000000074c100000, 0x000000074c200000|  0%| F|  |TAMS 0x000000074c100000, 0x000000074c100000| Untracked 
| 170|0x000000074c200000, 0x000000074c200000, 0x000000074c300000|  0%| F|  |TAMS 0x000000074c200000, 0x000000074c200000| Untracked 
| 171|0x000000074c300000, 0x000000074c300000, 0x000000074c400000|  0%| F|  |TAMS 0x000000074c300000, 0x000000074c300000| Untracked 
| 172|0x000000074c400000, 0x000000074c400000, 0x000000074c500000|  0%| F|  |TAMS 0x000000074c400000, 0x000000074c400000| Untracked 
| 173|0x000000074c500000, 0x000000074c500000, 0x000000074c600000|  0%| F|  |TAMS 0x000000074c500000, 0x000000074c500000| Untracked 
| 174|0x000000074c600000, 0x000000074c600000, 0x000000074c700000|  0%| F|  |TAMS 0x000000074c600000, 0x000000074c600000| Untracked 
| 175|0x000000074c700000, 0x000000074c700000, 0x000000074c800000|  0%| F|  |TAMS 0x000000074c700000, 0x000000074c700000| Untracked 
| 176|0x000000074c800000, 0x000000074c800000, 0x000000074c900000|  0%| F|  |TAMS 0x000000074c800000, 0x000000074c800000| Untracked 
| 177|0x000000074c900000, 0x000000074c900000, 0x000000074ca00000|  0%| F|  |TAMS 0x000000074c900000, 0x000000074c900000| Untracked 
| 178|0x000000074ca00000, 0x000000074ca00000, 0x000000074cb00000|  0%| F|  |TAMS 0x000000074ca00000, 0x000000074ca00000| Untracked 
| 179|0x000000074cb00000, 0x000000074cc00000, 0x000000074cc00000|100%| E|  |TAMS 0x000000074cb00000, 0x000000074cb00000| Complete 
| 180|0x000000074cc00000, 0x000000074cd00000, 0x000000074cd00000|100%| E|CS|TAMS 0x000000074cc00000, 0x000000074cc00000| Complete 
| 181|0x000000074cd00000, 0x000000074ce00000, 0x000000074ce00000|100%| E|CS|TAMS 0x000000074cd00000, 0x000000074cd00000| Complete 
| 182|0x000000074ce00000, 0x000000074cf00000, 0x000000074cf00000|100%| E|CS|TAMS 0x000000074ce00000, 0x000000074ce00000| Complete 
| 183|0x000000074cf00000, 0x000000074d000000, 0x000000074d000000|100%| E|CS|TAMS 0x000000074cf00000, 0x000000074cf00000| Complete 
| 184|0x000000074d000000, 0x000000074d100000, 0x000000074d100000|100%| E|CS|TAMS 0x000000074d000000, 0x000000074d000000| Complete 
| 185|0x000000074d100000, 0x000000074d200000, 0x000000074d200000|100%| E|CS|TAMS 0x000000074d100000, 0x000000074d100000| Complete 
| 186|0x000000074d200000, 0x000000074d300000, 0x000000074d300000|100%| E|CS|TAMS 0x000000074d200000, 0x000000074d200000| Complete 
| 187|0x000000074d300000, 0x000000074d400000, 0x000000074d400000|100%| E|CS|TAMS 0x000000074d300000, 0x000000074d300000| Complete 
| 188|0x000000074d400000, 0x000000074d500000, 0x000000074d500000|100%| E|CS|TAMS 0x000000074d400000, 0x000000074d400000| Complete 
| 189|0x000000074d500000, 0x000000074d600000, 0x000000074d600000|100%| E|CS|TAMS 0x000000074d500000, 0x000000074d500000| Complete 
| 190|0x000000074d600000, 0x000000074d700000, 0x000000074d700000|100%| E|CS|TAMS 0x000000074d600000, 0x000000074d600000| Complete 
| 191|0x000000074d700000, 0x000000074d800000, 0x000000074d800000|100%| E|CS|TAMS 0x000000074d700000, 0x000000074d700000| Complete 

Card table byte_map: [0x0000028c56eb0000,0x0000028c574b0000] _byte_map_base: 0x0000028c534a4000

Marking Bits (Prev, Next): (CMBitMap*) 0x0000028c4025be80, (CMBitMap*) 0x0000028c4025be48
 Prev Bits: [0x0000028c5aa50000, 0x0000028c5d9f0000)
 Next Bits: [0x0000028c57ab0000, 0x0000028c5aa50000)

Polling page: 0x0000028c3f9e0000

Metaspace:

Usage:
  Non-class:     19.22 MB capacity,    18.93 MB ( 99%) used,   244.77 KB (  1%) free+waste,    50.06 KB ( <1%) overhead. 
      Class:      2.49 MB capacity,     2.29 MB ( 92%) used,   174.13 KB (  7%) free+waste,    26.00 KB (  1%) overhead. 
       Both:     21.70 MB capacity,    21.22 MB ( 98%) used,   418.90 KB (  2%) free+waste,    76.06 KB ( <1%) overhead. 

Virtual space:
  Non-class space:       20.00 MB reserved,      19.25 MB ( 96%) committed 
      Class space:        1.00 GB reserved,       2.50 MB ( <1%) committed 
             Both:        1.02 GB reserved,      21.75 MB (  2%) committed 

Chunk freelists:
   Non-Class:  4.38 KB
       Class:  1.75 KB
        Both:  6.13 KB

CodeHeap 'non-profiled nmethods': size=120064Kb used=739Kb max_used=739Kb free=119324Kb
 bounds [0x0000028c4f370000, 0x0000028c4f5e0000, 0x0000028c568b0000]
CodeHeap 'profiled nmethods': size=120000Kb used=3369Kb max_used=3369Kb free=116630Kb
 bounds [0x0000028c47e40000, 0x0000028c48190000, 0x0000028c4f370000]
CodeHeap 'non-nmethods': size=5696Kb used=1211Kb max_used=1285Kb free=4484Kb
 bounds [0x0000028c478b0000, 0x0000028c47b20000, 0x0000028c47e40000]
 total_blobs=2089 nmethods=1642 adapters=367
 compilation: enabled
              stopped_count=0, restarted_count=0
 full_count=0

Compilation events (10 events):
Event: 2.383 Thread 0x0000028c607a7000 1642       3       jdk.internal.reflect.Reflection::isSubclassOf (21 bytes)
Event: 2.384 Thread 0x0000028c607a7000 nmethod 1642 0x0000028c48187490 code [0x0000028c48187640, 0x0000028c48187868]
Event: 2.384 Thread 0x0000028c607a7000 1643       3       org.apache.xmlbeans.impl.store.Xobj::isAttr (14 bytes)
Event: 2.384 Thread 0x0000028c607a7000 nmethod 1643 0x0000028c48187990 code [0x0000028c48187b20, 0x0000028c48187cd8]
Event: 2.384 Thread 0x0000028c607a7000 1641       3       jdk.internal.reflect.ReflectionFactory::newConstructorAccessor (154 bytes)
Event: 2.386 Thread 0x0000028c607a7000 nmethod 1641 0x0000028c48187d90 code [0x0000028c48188140, 0x0000028c48189c58]
Event: 2.390 Thread 0x0000028c61c97000 nmethod 1635 0x0000028c4f425510 code [0x0000028c4f4256a0, 0x0000028c4f425eb8]
Event: 2.390 Thread 0x0000028c61c97000 1644       4       java.lang.String::indexOf (113 bytes)
Event: 2.393 Thread 0x0000028c61c97000 nmethod 1644 0x0000028c4f426310 code [0x0000028c4f4264a0, 0x0000028c4f4268d8]
Event: 2.415 Thread 0x0000028c6075d000 nmethod 1640 0x0000028c4f426b90 code [0x0000028c4f426dc0, 0x0000028c4f427f68]

GC Heap History (8 events):
Event: 1.200 GC heap before
{Heap before GC invocations=0 (full 0):
 garbage-first heap   total 196608K, used 13312K [0x0000000741800000, 0x0000000800000000)
  region size 1024K, 14 young (14336K), 0 survivors (0K)
 Metaspace       used 11424K, capacity 11564K, committed 11776K, reserved 1060864K
  class space    used 1095K, capacity 1154K, committed 1280K, reserved 1048576K
}
Event: 1.205 GC heap after
{Heap after GC invocations=1 (full 0):
 garbage-first heap   total 196608K, used 6655K [0x0000000741800000, 0x0000000800000000)
  region size 1024K, 2 young (2048K), 2 survivors (2048K)
 Metaspace       used 11424K, capacity 11564K, committed 11776K, reserved 1060864K
  class space    used 1095K, capacity 1154K, committed 1280K, reserved 1048576K
}
Event: 1.420 GC heap before
{Heap before GC invocations=1 (full 0):
 garbage-first heap   total 196608K, used 13823K [0x0000000741800000, 0x0000000800000000)
  region size 1024K, 9 young (9216K), 2 survivors (2048K)
 Metaspace       used 14485K, capacity 14869K, committed 14976K, reserved 1062912K
  class space    used 1454K, capacity 1561K, committed 1664K, reserved 1048576K
}
Event: 1.426 GC heap after
{Heap after GC invocations=2 (full 0):
 garbage-first heap   total 196608K, used 6728K [0x0000000741800000, 0x0000000800000000)
  region size 1024K, 1 young (1024K), 1 survivors (1024K)
 Metaspace       used 14485K, capacity 14869K, committed 14976K, reserved 1062912K
  class space    used 1454K, capacity 1561K, committed 1664K, reserved 1048576K
}
Event: 2.010 GC heap before
{Heap before GC invocations=2 (full 0):
 garbage-first heap   total 196608K, used 43592K [0x0000000741800000, 0x0000000800000000)
  region size 1024K, 37 young (37888K), 1 survivors (1024K)
 Metaspace       used 19959K, capacity 20438K, committed 20736K, reserved 1067008K
  class space    used 2047K, capacity 2250K, committed 2304K, reserved 1048576K
}
Event: 2.015 GC heap after
{Heap after GC invocations=3 (full 0):
 garbage-first heap   total 196608K, used 8122K [0x0000000741800000, 0x0000000800000000)
  region size 1024K, 2 young (2048K), 2 survivors (2048K)
 Metaspace       used 19959K, capacity 20438K, committed 20736K, reserved 1067008K
  class space    used 2047K, capacity 2250K, committed 2304K, reserved 1048576K
}
Event: 2.226 GC heap before
{Heap before GC invocations=3 (full 0):
 garbage-first heap   total 196608K, used 51130K [0x0000000741800000, 0x0000000800000000)
  region size 1024K, 45 young (46080K), 2 survivors (2048K)
 Metaspace       used 20601K, capacity 21067K, committed 21248K, reserved 1069056K
  class space    used 2119K, capacity 2289K, committed 2304K, reserved 1048576K
}
Event: 2.231 GC heap after
{Heap after GC invocations=4 (full 0):
 garbage-first heap   total 196608K, used 9398K [0x0000000741800000, 0x0000000800000000)
  region size 1024K, 4 young (4096K), 4 survivors (4096K)
 Metaspace       used 20601K, capacity 21067K, committed 21248K, reserved 1069056K
  class space    used 2119K, capacity 2289K, committed 2304K, reserved 1048576K
}

Deoptimization events (9 events):
Event: 0.303 Thread 0x0000028c4020e000 Uncommon trap: reason=unstable_if action=reinterpret pc=0x0000028c4f376924 method=java.lang.String.hashCode()I @ 14 c2
Event: 0.308 Thread 0x0000028c4020e000 Uncommon trap: reason=unstable_if action=reinterpret pc=0x0000028c4f3716f4 method=java.lang.String.isLatin1()Z @ 10 c2
Event: 0.560 Thread 0x0000028c4020e000 Uncommon trap: reason=unstable_if action=reinterpret pc=0x0000028c4f38228c method=java.lang.String.startsWith(Ljava/lang/String;I)Z @ 1 c2
Event: 1.165 Thread 0x0000028c4020e000 Uncommon trap: reason=unstable_if action=reinterpret pc=0x0000028c4f39e9c4 method=java.io.WinNTFileSystem.normalize(Ljava/lang/String;)Ljava/lang/String; @ 128 c2
Event: 1.566 Thread 0x0000028c4020e000 Uncommon trap: reason=unstable_if action=reinterpret pc=0x0000028c4f3c3874 method=java.util.HashMap.hash(Ljava/lang/Object;)I @ 1 c2
Event: 1.567 Thread 0x0000028c4020e000 Uncommon trap: reason=unstable_if action=reinterpret pc=0x0000028c4f380d3c method=java.util.HashMap.hash(Ljava/lang/Object;)I @ 1 c2
Event: 1.780 Thread 0x0000028c4020e000 Uncommon trap: reason=unstable_if action=reinterpret pc=0x0000028c4f38c828 method=java.lang.StringLatin1.canEncode(I)Z @ 4 c2
Event: 1.780 Thread 0x0000028c4020e000 Uncommon trap: reason=unstable_if action=reinterpret pc=0x0000028c4f38ac44 method=java.lang.AbstractStringBuilder.isLatin1()Z @ 10 c2
Event: 1.925 Thread 0x0000028c4020e000 Uncommon trap: reason=unstable_if action=reinterpret pc=0x0000028c4f3d8d04 method=java.util.jar.JarFile.getVersionedEntry(Ljava/lang/String;Ljava/util/jar/JarEntry;)Ljava/util/jar/JarEntry; @ 7 c2

Classes redefined (6 events):
Event: 59.995 Thread 0x0000028c5ff10000 redefined class name=com.base.automation.java.testng.ExcelReadData, count=1
Event: 344.776 Thread 0x0000028c5ff10000 redefined class name=com.base.automation.java.testng.ExcelReadData, count=2
Event: 487.218 Thread 0x0000028c5ff10000 redefined class name=com.base.automation.java.testng.ExcelReadData, count=3
Event: 803.368 Thread 0x0000028c5ff10000 redefined class name=com.base.automation.java.testng.ExcelReadData, count=4
Event: 835.591 Thread 0x0000028c5ff10000 redefined class name=com.base.automation.java.testng.ExcelReadData, count=5
Event: 1568.594 Thread 0x0000028c5ff10000 redefined class name=com.base.automation.java.testng.ExcelReadData, count=6

Internal exceptions (10 events):
Event: 1.534 Thread 0x0000028c4020e000 Exception <a 'java/lang/NoSuchMethodError'{0x000000074ce0b0b0}: java.lang.invoke.DirectMethodHandle$Holder.invokeStaticInit(Ljava/lang/Object;Ljava/lang/Object;Ljava/lang/Object;)Ljava/lang/Object;> (0x000000074ce0b0b0) thrown at [./open/src/hotspot/share
Event: 1.542 Thread 0x0000028c4020e000 Exception <a 'java/lang/IncompatibleClassChangeError'{0x000000074ce685f0}: Found class java.lang.Object, but interface was expected> (0x000000074ce685f0) thrown at [./open/src/hotspot/share/interpreter/linkResolver.cpp, line 838]
Event: 1.546 Thread 0x0000028c4020e000 Exception <a 'java/lang/NoSuchMethodError'{0x000000074ce8fbf8}: java.lang.invoke.DirectMethodHandle$Holder.invokeStatic(Ljava/lang/Object;Ljava/lang/Object;Ljava/lang/Object;ILjava/lang/Object;)Ljava/lang/Object;> (0x000000074ce8fbf8) thrown at [./open/sr
Event: 1.547 Thread 0x0000028c4020e000 Exception <a 'java/lang/NoSuchMethodError'{0x000000074ce967a0}: java.lang.invoke.Invokers$Holder.linkToTargetMethod(Ljava/lang/Object;Ljava/lang/Object;ILjava/lang/Object;Ljava/lang/Object;)Ljava/lang/Object;> (0x000000074ce967a0) thrown at [./open/src/ho
Event: 1.566 Thread 0x0000028c4020e000 Implicit null exception at 0x0000028c4f3c37d8 to 0x0000028c4f3c386a
Event: 1.567 Thread 0x0000028c4020e000 Implicit null exception at 0x0000028c4f380caf to 0x0000028c4f380d2d
Event: 1.752 Thread 0x0000028c4020e000 Exception <a 'java/lang/NoSuchMethodError'{0x000000074c2f5328}: java.lang.invoke.DirectMethodHandle$Holder.invokeStaticInit(Ljava/lang/Object;)V> (0x000000074c2f5328) thrown at [./open/src/hotspot/share/interpreter/linkResolver.cpp, line 772]
Event: 1.792 Thread 0x0000028c4020e000 Exception <a 'java/lang/NoSuchMethodError'{0x000000074c075350}: java.lang.invoke.DirectMethodHandle$Holder.invokeStaticInit(Ljava/lang/Object;Ljava/lang/Object;II)Ljava/lang/Object;> (0x000000074c075350) thrown at [./open/src/hotspot/share/interpreter/lin
Event: 1.975 Thread 0x0000028c4020e000 Exception <a 'java/lang/NoSuchMethodError'{0x000000074b56fe68}: java.lang.invoke.DirectMethodHandle$Holder.invokeSpecial(Ljava/lang/Object;Ljava/lang/Object;Ljava/lang/Object;Ljava/lang/Object;Ljava/lang/Object;)V> (0x000000074b56fe68) thrown at [./open/s
Event: 1.982 Thread 0x0000028c4020e000 Exception <a 'java/lang/NoSuchMethodError'{0x000000074b58ff50}: java.lang.invoke.DirectMethodHandle$Holder.invokeVirtual(Ljava/lang/Object;Ljava/lang/Object;)V> (0x000000074b58ff50) thrown at [./open/src/hotspot/share/interpreter/linkResolver.cpp, line 77

Events (10 events):
Event: 1568.611 Executing VM operation: GetStackTrace done
Event: 1568.718 Executing VM operation: GetFrameCount
Event: 1568.718 Executing VM operation: GetFrameCount done
Event: 1568.718 Executing VM operation: GetOwnedMonitorInfo
Event: 1568.718 Executing VM operation: GetOwnedMonitorInfo done
Event: 1568.718 Executing VM operation: GetCurrentContendedMonitor
Event: 1568.718 Executing VM operation: GetCurrentContendedMonitor done
Event: 1568.735 Executing VM operation: GetFrameLocation
Event: 1568.735 Executing VM operation: GetFrameLocation done
Event: 1568.735 Executing VM operation: GetOrSetLocal


Dynamic libraries:
0x00007ff6e6960000 - 0x00007ff6e696f000 	C:\Program Files\Java\jdk-11.0.15\bin\javaw.exe
0x00007ffe4cd40000 - 0x00007ffe4cf49000 	C:\Windows\SYSTEM32\ntdll.dll
0x00007ffe4baf0000 - 0x00007ffe4bbad000 	C:\Windows\System32\KERNEL32.DLL
0x00007ffe4a270000 - 0x00007ffe4a5f4000 	C:\Windows\System32\KERNELBASE.dll
0x00007ffe4a6c0000 - 0x00007ffe4a7d1000 	C:\Windows\System32\ucrtbase.dll
0x00007ffe459f0000 - 0x00007ffe45a08000 	C:\Program Files\Java\jdk-11.0.15\bin\jli.dll
0x00007ffe4ac90000 - 0x00007ffe4ad3e000 	C:\Windows\System32\ADVAPI32.dll
0x00007ffe4b800000 - 0x00007ffe4b8a3000 	C:\Windows\System32\msvcrt.dll
0x00007ffe4cc20000 - 0x00007ffe4ccbe000 	C:\Windows\System32\sechost.dll
0x00007ffe4bee0000 - 0x00007ffe4c001000 	C:\Windows\System32\RPCRT4.dll
0x00007ffe4b2d0000 - 0x00007ffe4b47d000 	C:\Windows\System32\USER32.dll
0x00007ffe4a9d0000 - 0x00007ffe4a9f6000 	C:\Windows\System32\win32u.dll
0x00007ffe4c180000 - 0x00007ffe4c1aa000 	C:\Windows\System32\GDI32.dll
0x00007ffe4aa70000 - 0x00007ffe4ab8e000 	C:\Windows\System32\gdi32full.dll
0x00007ffe4a1d0000 - 0x00007ffe4a26d000 	C:\Windows\System32\msvcp_win.dll
0x00007ffe46700000 - 0x00007ffe46715000 	C:\Program Files\Java\jdk-11.0.15\bin\VCRUNTIME140.dll
0x00007ffe33830000 - 0x00007ffe33ad5000 	C:\Windows\WinSxS\amd64_microsoft.windows.common-controls_6595b64144ccf1df_6.0.22000.120_none_9d947278b86cc467\COMCTL32.dll
0x00007ffe40eb0000 - 0x00007ffe40eba000 	C:\Windows\SYSTEM32\VERSION.dll
0x00007ffe4ccc0000 - 0x00007ffe4ccf1000 	C:\Windows\System32\IMM32.DLL
0x00007ffe35790000 - 0x00007ffe3582b000 	C:\Program Files\Java\jdk-11.0.15\bin\msvcp140.dll
0x00007ffe09ba0000 - 0x00007ffe0a6b6000 	C:\Program Files\Java\jdk-11.0.15\bin\server\jvm.dll
0x00007ffe4ad40000 - 0x00007ffe4ad48000 	C:\Windows\System32\PSAPI.DLL
0x00007ffe45cd0000 - 0x00007ffe45cd9000 	C:\Windows\SYSTEM32\WSOCK32.dll
0x00007ffe4b8b0000 - 0x00007ffe4b91f000 	C:\Windows\System32\WS2_32.dll
0x00007ffe42740000 - 0x00007ffe42773000 	C:\Windows\SYSTEM32\WINMM.dll
0x00007ffe49240000 - 0x00007ffe49258000 	C:\Windows\SYSTEM32\kernel.appcore.dll
0x00007ffe45c30000 - 0x00007ffe45c40000 	C:\Program Files\Java\jdk-11.0.15\bin\verify.dll
0x00007ffe47c70000 - 0x00007ffe47e91000 	C:\Windows\SYSTEM32\DBGHELP.DLL
0x00007ffe2f1e0000 - 0x00007ffe2f211000 	C:\Windows\SYSTEM32\dbgcore.DLL
0x00007ffe4a950000 - 0x00007ffe4a9cf000 	C:\Windows\System32\bcryptPrimitives.dll
0x00007ffe35210000 - 0x00007ffe35238000 	C:\Program Files\Java\jdk-11.0.15\bin\java.dll
0x00007ffe42d80000 - 0x00007ffe42d8a000 	C:\Program Files\Java\jdk-11.0.15\bin\jimage.dll
0x00007ffe31240000 - 0x00007ffe31278000 	C:\Program Files\Java\jdk-11.0.15\bin\jdwp.dll
0x00007ffe42b30000 - 0x00007ffe42b46000 	C:\Program Files\Java\jdk-11.0.15\bin\zip.dll
0x00007ffe4c340000 - 0x00007ffe4cb05000 	C:\Windows\System32\SHELL32.dll
0x00007ffe482a0000 - 0x00007ffe48b02000 	C:\Windows\SYSTEM32\windows.storage.dll
0x00007ffe4b480000 - 0x00007ffe4b7f6000 	C:\Windows\System32\combase.dll
0x00007ffe48130000 - 0x00007ffe48297000 	C:\Windows\SYSTEM32\wintypes.dll
0x00007ffe4c010000 - 0x00007ffe4c0fa000 	C:\Windows\System32\SHCORE.dll
0x00007ffe4c100000 - 0x00007ffe4c15d000 	C:\Windows\System32\shlwapi.dll
0x00007ffe4a100000 - 0x00007ffe4a125000 	C:\Windows\SYSTEM32\profapi.dll
0x00007ffe467c0000 - 0x00007ffe467ca000 	C:\Program Files\Java\jdk-11.0.15\bin\dt_socket.dll
0x00007ffe496f0000 - 0x00007ffe49757000 	C:\Windows\System32\mswsock.dll
0x00007ffe48dd0000 - 0x00007ffe48eb7000 	C:\Windows\SYSTEM32\DNSAPI.dll
0x00007ffe48d60000 - 0x00007ffe48d8d000 	C:\Windows\SYSTEM32\IPHLPAPI.DLL
0x00007ffe4b920000 - 0x00007ffe4b929000 	C:\Windows\System32\NSI.dll
0x00007ffe40040000 - 0x00007ffe400c1000 	C:\Windows\System32\fwpuclnt.dll
0x00007ffe308e0000 - 0x00007ffe308ea000 	C:\Windows\System32\rasadhlp.dll
0x00007ffe35770000 - 0x00007ffe35789000 	C:\Program Files\Java\jdk-11.0.15\bin\net.dll
0x00007ffe43110000 - 0x00007ffe43224000 	C:\Windows\SYSTEM32\WINHTTP.dll
0x00007ffe33650000 - 0x00007ffe33662000 	C:\Program Files\Java\jdk-11.0.15\bin\nio.dll
0x00007ffe49930000 - 0x00007ffe49948000 	C:\Windows\SYSTEM32\CRYPTSP.dll
0x00007ffe491a0000 - 0x00007ffe491d5000 	C:\Windows\system32\rsaenh.dll
0x00007ffe497e0000 - 0x00007ffe4980c000 	C:\Windows\SYSTEM32\USERENV.dll
0x00007ffe49ab0000 - 0x00007ffe49ad7000 	C:\Windows\SYSTEM32\bcrypt.dll
0x00007ffe49950000 - 0x00007ffe4995c000 	C:\Windows\SYSTEM32\CRYPTBASE.dll
0x00007ffe432e0000 - 0x00007ffe432f9000 	C:\Windows\SYSTEM32\dhcpcsvc6.DLL
0x00007ffe435c0000 - 0x00007ffe435de000 	C:\Windows\SYSTEM32\dhcpcsvc.DLL

dbghelp: loaded successfully - version: 4.0.5 - missing functions: none
symbol engine: initialized successfully - sym options: 0x614 - pdb path: .;C:\Program Files\Java\jdk-11.0.15\bin;C:\Windows\SYSTEM32;C:\Windows\WinSxS\amd64_microsoft.windows.common-controls_6595b64144ccf1df_6.0.22000.120_none_9d947278b86cc467;C:\Program Files\Java\jdk-11.0.15\bin\server

VM Arguments:
jvm_args: -agentlib:jdwp=transport=dt_socket,suspend=y,address=localhost:53286 -ea -Dfile.encoding=Cp1252 
java_command: org.testng.remote.RemoteTestNG -serport 53285 -protocol json -d C:\Wokspace\MasterTestNGFramework\test-output C:\Users\Vijay\AppData\Local\Temp\testng-eclipse--2005408637\testng-customsuite.xml
java_class_path (initial): C:\Users\Vijay\eclipse\java-2022-03\eclipse\configuration\org.eclipse.osgi\443\0\.cp\lib\testng-remote.jar;C:\Wokspace\MasterTestNGFramework\target\test-classes;C:\Wokspace\MasterTestNGFramework\target\classes;C:\Users\Vijay\.p2\pool\plugins\org.testng_7.4.0.r202105021533.jar;C:\Users\Vijay\.p2\pool\plugins\com.beust.jcommander_1.78.0.jar;C:\Users\Vijay\.p2\pool\plugins\org.apache-extras.beanshell.bsh_2.0.0.b6.jar;C:\Users\Vijay\.p2\pool\plugins\org.yaml.snakeyaml_1.21.0.jar;C:\Users\Vijay\.p2\pool\plugins\org.webjars.jquery_3.5.1.jar;C:\Users\Vijay\.m2\repository\io\github\qsy7\java\modules\browser\drivers\chromedriver\0.3.3\chromedriver-0.3.3.jar;C:\Users\Vijay\.m2\repository\org\seleniumhq\selenium\selenium-chrome-driver\4.16.1\selenium-chrome-driver-4.16.1.jar;C:\Users\Vijay\.m2\repository\com\google\auto\service\auto-service-annotations\1.1.1\auto-service-annotations-1.1.1.jar;C:\Users\Vijay\.m2\repository\org\seleniumhq\selenium\selenium-api\4.16.1\selenium-api-4.16.1.jar;C:\Users\Vijay\.m2\repository\org\seleniumhq\selenium\selenium-chromium-driver\4.16.1\selenium-chromium-driver-4.16.1.jar;C:\Users\Vijay\.m2\repository\org\seleniumhq\selenium\selenium-json\4.16.1\selenium-json-4.16.1.jar;C:\Users\Vijay\.m2\repository\org\seleniumhq\selenium\selenium-manager\4.16.1\selenium-manager-4.16.1.jar;C:\Users\Vijay\.m2\repository\org\seleniumhq\selenium\selenium-os\4.16.1\selenium-os-4.16.1.jar;C:\Users\Vijay\.m2\repository\org\apache\commons\commons-exec\1.3\commons-exec-1.3.jar;C:\Users\Vijay\.m2\repository\org\seleniumhq\selenium\selenium-remote-driver\4.16.1\selenium-remote-driver-4.16.1.jar;C:\Users\Vijay\.m2\repository\com\google\guava\guava\32.1.2-jre\guava-32.1.2-jre.jar;C:\Users\Vijay\.m2\repository\com\google\guava\failureaccess\1.0.1\failureaccess-1.0.1.jar;C:\Users\Vijay\.m2\repository\com\google\guava\listenablefuture\9999.0-empty-to-avoid-conflict-with-guava\listenablefuture-9999.0-empty-to-avoid-conflict-with-guava.jar;C:\U
Launcher Type: SUN_STANDARD

[Global flags]
     intx CICompilerCount                          = 3                                         {product} {ergonomic}
     uint ConcGCThreads                            = 1                                         {product} {ergonomic}
     uint G1ConcRefinementThreads                  = 4                                         {product} {ergonomic}
   size_t G1HeapRegionSize                         = 1048576                                   {product} {ergonomic}
    uintx GCDrainStackTargetSize                   = 64                                        {product} {ergonomic}
   size_t InitialHeapSize                          = 201326592                                 {product} {ergonomic}
   size_t MarkStackSize                            = 4194304                                   {product} {ergonomic}
   size_t MaxHeapSize                              = 3196059648                                {product} {ergonomic}
   size_t MaxNewSize                               = 1916796928                                {product} {ergonomic}
   size_t MinHeapDeltaBytes                        = 1048576                                   {product} {ergonomic}
    uintx NonNMethodCodeHeapSize                   = 5830732                                {pd product} {ergonomic}
    uintx NonProfiledCodeHeapSize                  = 122913754                              {pd product} {ergonomic}
    uintx ProfiledCodeHeapSize                     = 122913754                              {pd product} {ergonomic}
    uintx ReservedCodeCacheSize                    = 251658240                              {pd product} {ergonomic}
     bool SegmentedCodeCache                       = true                                      {product} {ergonomic}
     bool UseCompressedClassPointers               = true                                 {lp64_product} {ergonomic}
     bool UseCompressedOops                        = true                                 {lp64_product} {ergonomic}
     bool UseG1GC                                  = true                                      {product} {ergonomic}
     bool UseLargePagesIndividualAllocation        = false                                  {pd product} {ergonomic}

Logging:
Log output configuration:
 #0: stdout all=warning uptime,level,tags
 #1: stderr all=off uptime,level,tags

Environment Variables:
JAVA_HOME=C:\Program Files\Java\jdk-11.0.15
PATH=C:\Program Files\Common Files\Oracle\Java\javapath;C:\Windows\system32;C:\Windows;C:\Windows\System32\Wbem;C:\Windows\System32\WindowsPowerShell\v1.0\;C:\Windows\System32\OpenSSH\;E:\Softwares\Maven\apache-maven-3.8.6-bin\apache-maven-3.8.6;%MAVEN_HOME%;C:\apache-maven-3.8.6;C:\Program Files\apache-maven-3.8.6\bin;E:\Softwares\Git\Git_Installation\Git\cmd;C:\Program Files (x86)\dotnet\;C:\Users\Vijay\AppData\Local\Microsoft\WindowsApps;
USERNAME=Vijay
OS=Windows_NT
PROCESSOR_IDENTIFIER=Intel64 Family 6 Model 142 Stepping 9, GenuineIntel



---------------  S Y S T E M  ---------------

OS: Windows 11 , 64 bit Build 22000 (10.0.22000.2538)

CPU:total 4 (initial active 4) (2 cores per cpu, 2 threads per core) family 6 model 142 stepping 9 microcode 0xf0, cmov, cx8, fxsr, mmx, sse, sse2, sse3, ssse3, sse4.1, sse4.2, popcnt, avx, avx2, aes, clmul, erms, 3dnowpref, lzcnt, ht, tsc, tscinvbit, bmi1, bmi2, adx, fma

Memory: 4k page, system-wide physical 12190M (4520M free)
TotalPageFile size 14750M (AvailPageFile size 5434M)
current process WorkingSet (physical memory assigned to process): 122M, peak: 157M
current process commit charge ("private bytes"): 293M, peak: 330M

vm_info: Java HotSpot(TM) 64-Bit Server VM (11.0.15+8-LTS-149) for windows-amd64 JRE (11.0.15+8-LTS-149), built on Mar  9 2022 22:42:32 by "mach5one" with MS VC++ 15.9 (VS2017)

END.
